<?xml version="1.0" encoding="UTF-8"?>
<!-- Generated by org.testng.reporters.JUnitReportReporter -->
<testsuite name="com.testng.TestNg" tests="1" time="0.025" ignored="0" failures="0" timestamp="12 Jan 2022 11:27:15 GMT" skipped="0" hostname="DESKTOP-TC5EB8K" errors="0">
  <testcase name="dism" time="0.025" classname="com.testng.TestNg"/>
</testsuite> <!-- com.testng.TestNg -->
